<?xml version="1.0" encoding="UTF-8"?>
<!-- Generated by org.testng.reporters.JUnitXMLReporter -->
<testsuite ignored="0" hostname="Madhu_Sudhakar" failures="0" tests="4" name="Test" time="105.829" errors="0" timestamp="2024-06-25T00:06:26 IST">
  <testcase classname="Bajaj.Bike.AutoTest" name="start" time="49.66"/>
  <testcase classname="Bajaj.Bike.BajajTest" name="engineStart" time="8.589"/>
  <testcase classname="Bajaj.Bike.BajajTest" name="pulsarNs400" time="27.714"/>
  <testcase classname="Bajaj.Bike.BajajTest" name="colorCheck" time="11.669"/>
</testsuite> <!-- Test -->
