<?xml version="1.0" encoding="UTF-8"?>
<!-- Generated by org.testng.reporters.JUnitXMLReporter -->
<testsuite ignored="0" hostname="Madhu_Sudhakar" failures="0" tests="3" name="Test" time="27.929" errors="0" timestamp="2024-06-14T20:06:21 IST">
  <testcase classname="Bajaj.Bike.AutoTest" name="start" time="15.238"/>
  <testcase classname="Bajaj.Bike.AutoTest" name="removeEnquiry" time="5.42"/>
  <testcase classname="Bajaj.Bike.AutoTest" name="removeCookieDisclaimer" time="0.094"/>
</testsuite> <!-- Test -->
